d:\浙大- -\c程\fight!\tenwaterdrops\sdltenwaterdrops\sdltenwater\debug\vc140.pdb
d:\浙大- -\c程\fight!\tenwaterdrops\sdltenwaterdrops\sdltenwater\debug\vc140.idb
d:\浙大- -\c程\fight!\tenwaterdrops\sdltenwaterdrops\sdltenwater\debug\button.obj
d:\浙大- -\c程\fight!\tenwaterdrops\sdltenwaterdrops\sdltenwater\debug\draw.obj
d:\浙大- -\c程\fight!\tenwaterdrops\sdltenwaterdrops\sdltenwater\debug\bubble.obj
d:\浙大- -\c程\fight!\tenwaterdrops\sdltenwaterdrops\sdltenwater\debug\event.obj
d:\浙大- -\c程\fight!\tenwaterdrops\sdltenwaterdrops\sdltenwater\debug\lnode.obj
d:\浙大- -\c程\fight!\tenwaterdrops\sdltenwaterdrops\sdltenwater\debug\ltexture.obj
d:\浙大- -\c程\fight!\tenwaterdrops\sdltenwaterdrops\sdltenwater\debug\main.obj
d:\浙大- -\c程\fight!\tenwaterdrops\sdltenwaterdrops\sdltenwater\debug\media.obj
d:\浙大- -\c程\fight!\tenwaterdrops\sdltenwaterdrops\sdltenwater\debug\mouse.obj
d:\浙大- -\c程\fight!\tenwaterdrops\sdltenwaterdrops\sdltenwater\debug\spray.obj
d:\浙大- -\c程\fight!\tenwaterdrops\sdltenwaterdrops\sdltenwater\debug\util.obj
d:\浙大- -\c程\fight!\tenwaterdrops\sdltenwaterdrops\debug\sdltenwaterdrops.ilk
d:\浙大- -\c程\fight!\tenwaterdrops\sdltenwaterdrops\debug\sdltenwaterdrops.exe
d:\浙大- -\c程\fight!\tenwaterdrops\sdltenwaterdrops\debug\sdltenwaterdrops.pdb
d:\浙大- -\c程\fight!\tenwaterdrops\sdltenwaterdrops\sdltenwater\debug\sdltenwaterdrops.tlog\cl.command.1.tlog
d:\浙大- -\c程\fight!\tenwaterdrops\sdltenwaterdrops\sdltenwater\debug\sdltenwaterdrops.tlog\cl.read.1.tlog
d:\浙大- -\c程\fight!\tenwaterdrops\sdltenwaterdrops\sdltenwater\debug\sdltenwaterdrops.tlog\cl.write.1.tlog
d:\浙大- -\c程\fight!\tenwaterdrops\sdltenwaterdrops\sdltenwater\debug\sdltenwaterdrops.tlog\link.command.1.tlog
d:\浙大- -\c程\fight!\tenwaterdrops\sdltenwaterdrops\sdltenwater\debug\sdltenwaterdrops.tlog\link.read.1.tlog
d:\浙大- -\c程\fight!\tenwaterdrops\sdltenwaterdrops\sdltenwater\debug\sdltenwaterdrops.tlog\link.write.1.tlog
